c:\users\sangw\source\repos\c_learn\project1\project1\debug\vc142.pdb
c:\users\sangw\source\repos\c_learn\project1\project1\debug\vc142.idb
c:\users\sangw\source\repos\c_learn\project1\project1\debug\sum.obj
c:\users\sangw\source\repos\c_learn\project1\project1\debug\print.obj
c:\users\sangw\source\repos\c_learn\project1\debug\project1.exe
c:\users\sangw\source\repos\c_learn\project1\debug\project1.ilk
c:\users\sangw\source\repos\c_learn\project1\debug\project1.pdb
c:\users\sangw\source\repos\c_learn\project\project1\debug\hello.obj
c:\users\sangw\source\repos\c_learn\project\project1\debug\print.obj
c:\users\sangw\source\repos\c_learn\project\project1\debug\sum.obj
c:\users\sangw\source\repos\c_learn\project\project1\debug\vc142.idb
c:\users\sangw\source\repos\c_learn\project\project1\debug\vc142.pdb
c:\users\sangw\source\repos\c_learn\project\debug\project1.pdb
c:\users\sangw\source\repos\c_learn\project\debug\project1.exe
c:\users\sangw\source\repos\c_learn\project\debug\project1.ilk
c:\users\sangw\source\repos\c_learn\project\project1\debug\project1.tlog\cl.command.1.tlog
c:\users\sangw\source\repos\c_learn\project\project1\debug\project1.tlog\cl.read.1.tlog
c:\users\sangw\source\repos\c_learn\project\project1\debug\project1.tlog\cl.write.1.tlog
c:\users\sangw\source\repos\c_learn\project\project1\debug\project1.tlog\link.command.1.tlog
c:\users\sangw\source\repos\c_learn\project\project1\debug\project1.tlog\link.read.1.tlog
c:\users\sangw\source\repos\c_learn\project\project1\debug\project1.tlog\link.write.1.tlog
